<?xml version="1.0" encoding="UTF-8"?>
<!-- Generated by org.testng.reporters.JUnitReportReporter -->
<testsuite skipped="0" hostname="Neethika" name="test.ChallengingDOM" tests="12" failures="0" timestamp="2019-12-03T17:25:58 GMT" time="20.568" errors="0">
  <testcase name="verifyTitle" time="0.072" classname="test.ChallengingDOM"/>
  <testcase name="verifyHeading" time="0.344" classname="test.ChallengingDOM"/>
  <testcase name="verifyDescription" time="0.212" classname="test.ChallengingDOM"/>
  <testcase name="verifyButtonSet" time="0.564" classname="test.ChallengingDOM"/>
  <testcase name="verifyBlueButtonClick" time="1.322" classname="test.ChallengingDOM"/>
  <testcase name="verifyRedButtonClick" time="2.697" classname="test.ChallengingDOM"/>
  <testcase name="verifyGreenButtonClick" time="0.588" classname="test.ChallengingDOM"/>
  <testcase name="verifyTableHeadings" time="0.377" classname="test.ChallengingDOM"/>
  <testcase name="verifyRows" time="2.864" classname="test.ChallengingDOM"/>
  <testcase name="verifyEditDeleteLink" time="2.572" classname="test.ChallengingDOM"/>
  <testcase name="verifyForkImg" time="4.719" classname="test.ChallengingDOM"/>
  <testcase name="verifyFooter" time="4.237" classname="test.ChallengingDOM"/>
</testsuite> <!-- test.ChallengingDOM -->
